<?xml version="1.0" encoding="UTF-8"?>
<testng-results ignored="0" total="1" passed="1" failed="0" skipped="0">
  <reporter-output>
  </reporter-output>
  <suite started-at="2025-09-07T22:50:32 BST" name="Hudl Login Suite" finished-at="2025-09-07T22:50:44 BST" duration-ms="12411">
    <groups>
    </groups>
    <test started-at="2025-09-07T22:50:32 BST" name="Login Test" finished-at="2025-09-07T22:50:44 BST" duration-ms="12411">
      <class name="com.hudl.tests.LoginTest">
        <test-method is-config="true" signature="setUp()[pri:0, instance:com.hudl.tests.LoginTest@130161f7]" started-at="2025-09-07T22:50:32 BST" name="setUp" finished-at="2025-09-07T22:50:36 BST" duration-ms="4189" status="PASS">
          <reporter-output>
          </reporter-output>
        </test-method> <!-- setUp -->
        <test-method signature="testHudlLogin()[pri:0, instance:com.hudl.tests.LoginTest@130161f7]" started-at="2025-09-07T22:50:36 BST" name="testHudlLogin" finished-at="2025-09-07T22:50:44 BST" duration-ms="7833" status="PASS">
          <reporter-output>
          </reporter-output>
        </test-method> <!-- testHudlLogin -->
        <test-method is-config="true" signature="tearDown()[pri:0, instance:com.hudl.tests.LoginTest@130161f7]" started-at="2025-09-07T22:50:44 BST" name="tearDown" finished-at="2025-09-07T22:50:44 BST" duration-ms="331" status="PASS">
          <reporter-output>
          </reporter-output>
        </test-method> <!-- tearDown -->
      </class> <!-- com.hudl.tests.LoginTest -->
    </test> <!-- Login Test -->
  </suite> <!-- Hudl Login Suite -->
</testng-results>
