<?xml version="1.0" encoding="UTF-8"?>
<testng-results ignored="0" total="1" passed="1" failed="0" skipped="0">
  <reporter-output>
  </reporter-output>
  <suite started-at="2025-09-07T21:49:26 BST" name="Hudl Login Suite" finished-at="2025-09-07T21:49:37 BST" duration-ms="11418">
    <groups>
    </groups>
    <test started-at="2025-09-07T21:49:26 BST" name="Login Test" finished-at="2025-09-07T21:49:37 BST" duration-ms="11418">
      <class name="com.hudl.tests.LoginTest">
        <test-method is-config="true" signature="setUp()[pri:0, instance:com.hudl.tests.LoginTest@130161f7]" started-at="2025-09-07T21:49:26 BST" name="setUp" finished-at="2025-09-07T21:49:32 BST" duration-ms="6491" status="PASS">
          <reporter-output>
          </reporter-output>
        </test-method> <!-- setUp -->
        <test-method signature="openHudlHomePage()[pri:0, instance:com.hudl.tests.LoginTest@130161f7]" started-at="2025-09-07T21:49:32 BST" name="openHudlHomePage" finished-at="2025-09-07T21:49:35 BST" duration-ms="2713" status="PASS">
          <reporter-output>
          </reporter-output>
        </test-method> <!-- openHudlHomePage -->
        <test-method is-config="true" signature="tearDown()[pri:0, instance:com.hudl.tests.LoginTest@130161f7]" started-at="2025-09-07T21:49:35 BST" name="tearDown" finished-at="2025-09-07T21:49:37 BST" duration-ms="2001" status="PASS">
          <reporter-output>
          </reporter-output>
        </test-method> <!-- tearDown -->
      </class> <!-- com.hudl.tests.LoginTest -->
    </test> <!-- Login Test -->
  </suite> <!-- Hudl Login Suite -->
</testng-results>
